2023-09-26 22:43:13.970  INFO 11660 --- [  restartedMain] com.ibm.products.ProductsApplication     : Starting ProductsApplication using Java 17.0.8 with PID 11660 (C:\Users\111147781\Documents\Work\GiveBack\DemoWorkspace\products\target\classes started by 111147781 in C:\Users\111147781\Documents\Work\GiveBack\DemoWorkspace\products)
2023-09-26 22:43:13.973  INFO 11660 --- [  restartedMain] com.ibm.products.ProductsApplication     : The following 1 profile is active: "production"
2023-09-26 22:43:14.031  INFO 11660 --- [  restartedMain] .e.DevToolsPropertyDefaultsPostProcessor : Devtools property defaults active! Set 'spring.devtools.add-properties' to 'false' to disable
2023-09-26 22:43:14.042  INFO 11660 --- [  restartedMain] .e.DevToolsPropertyDefaultsPostProcessor : For additional web related logging consider setting the 'logging.level.web' property to 'DEBUG'
2023-09-26 22:43:14.541  INFO 11660 --- [  restartedMain] .s.d.r.c.RepositoryConfigurationDelegate : Bootstrapping Spring Data JPA repositories in DEFAULT mode.
2023-09-26 22:43:14.584  INFO 11660 --- [  restartedMain] .s.d.r.c.RepositoryConfigurationDelegate : Finished Spring Data repository scanning in 36 ms. Found 1 JPA repository interfaces.
2023-09-26 22:43:15.107  INFO 11660 --- [  restartedMain] o.s.b.w.embedded.tomcat.TomcatWebServer  : Tomcat initialized with port(s): 8081 (http)
2023-09-26 22:43:15.116  INFO 11660 --- [  restartedMain] o.apache.catalina.core.StandardService   : Starting service [Tomcat]
2023-09-26 22:43:15.116  INFO 11660 --- [  restartedMain] o.apache.catalina.core.StandardEngine    : Starting Servlet engine: [Apache Tomcat/10.1.13]
2023-09-26 22:43:15.177  INFO 11660 --- [  restartedMain] o.a.c.c.C.[Tomcat].[localhost].[/]       : Initializing Spring embedded WebApplicationContext
2023-09-26 22:43:15.177  INFO 11660 --- [  restartedMain] w.s.c.ServletWebServerApplicationContext : Root WebApplicationContext: initialization completed in 1134 ms
2023-09-26 22:43:15.203  INFO 11660 --- [  restartedMain] com.zaxxer.hikari.HikariDataSource       : HikariPool-1 - Starting...
2023-09-26 22:43:15.359  INFO 11660 --- [  restartedMain] com.zaxxer.hikari.pool.HikariPool        : HikariPool-1 - Added connection conn0: url=jdbc:h2:mem:edbdd6b6-7921-4469-bbad-a0fa008a60d1 user=SA
2023-09-26 22:43:15.360  INFO 11660 --- [  restartedMain] com.zaxxer.hikari.HikariDataSource       : HikariPool-1 - Start completed.
2023-09-26 22:43:15.367  INFO 11660 --- [  restartedMain] o.s.b.a.h2.H2ConsoleAutoConfiguration    : H2 console available at '/h2-console'. Database available at 'jdbc:h2:mem:edbdd6b6-7921-4469-bbad-a0fa008a60d1'
2023-09-26 22:43:15.479  INFO 11660 --- [  restartedMain] o.hibernate.jpa.internal.util.LogHelper  : HHH000204: Processing PersistenceUnitInfo [name: default]
2023-09-26 22:43:15.515  INFO 11660 --- [  restartedMain] org.hibernate.Version                    : HHH000412: Hibernate ORM core version 6.1.7.Final
2023-09-26 22:43:15.734  INFO 11660 --- [  restartedMain] SQL dialect                              : HHH000400: Using dialect: org.hibernate.dialect.H2Dialect
2023-09-26 22:43:16.214  INFO 11660 --- [  restartedMain] o.h.t.schema.internal.SchemaCreatorImpl  : HHH000476: Executing import script 'file:/C:/Users/111147781/Documents/Work/GiveBack/DemoWorkspace/products/target/classes/import.sql'
2023-09-26 22:43:16.219  INFO 11660 --- [  restartedMain] o.h.e.t.j.p.i.JtaPlatformInitiator       : HHH000490: Using JtaPlatform implementation: [org.hibernate.engine.transaction.jta.platform.internal.NoJtaPlatform]
2023-09-26 22:43:16.226  INFO 11660 --- [  restartedMain] j.LocalContainerEntityManagerFactoryBean : Initialized JPA EntityManagerFactory for persistence unit 'default'
2023-09-26 22:43:16.460  WARN 11660 --- [  restartedMain] JpaBaseConfiguration$JpaWebConfiguration : spring.jpa.open-in-view is enabled by default. Therefore, database queries may be performed during view rendering. Explicitly configure spring.jpa.open-in-view to disable this warning
2023-09-26 22:43:16.676  WARN 11660 --- [  restartedMain] o.s.b.d.a.OptionalLiveReloadServer       : Unable to start LiveReload server
2023-09-26 22:43:16.697  INFO 11660 --- [  restartedMain] o.s.b.w.embedded.tomcat.TomcatWebServer  : Tomcat started on port(s): 8081 (http) with context path ''
2023-09-26 22:43:16.710  INFO 11660 --- [  restartedMain] com.ibm.products.ProductsApplication     : Started ProductsApplication in 3.261 seconds (process running for 3.686)
