2023-09-26 22:40:13.783  INFO 21584 --- [  restartedMain] com.ibm.products.ProductsApplication     : Starting ProductsApplication using Java 17.0.8 with PID 21584 (C:\Users\111147781\Documents\Work\GiveBack\DemoWorkspace\products\target\classes started by 111147781 in C:\Users\111147781\Documents\Work\GiveBack\DemoWorkspace\products)
2023-09-26 22:40:13.786  INFO 21584 --- [  restartedMain] com.ibm.products.ProductsApplication     : The following 1 profile is active: "production"
2023-09-26 22:40:13.851  INFO 21584 --- [  restartedMain] .e.DevToolsPropertyDefaultsPostProcessor : Devtools property defaults active! Set 'spring.devtools.add-properties' to 'false' to disable
2023-09-26 22:40:13.852  INFO 21584 --- [  restartedMain] .e.DevToolsPropertyDefaultsPostProcessor : For additional web related logging consider setting the 'logging.level.web' property to 'DEBUG'
2023-09-26 22:40:14.352  INFO 21584 --- [  restartedMain] .s.d.r.c.RepositoryConfigurationDelegate : Bootstrapping Spring Data JPA repositories in DEFAULT mode.
2023-09-26 22:40:14.399  INFO 21584 --- [  restartedMain] .s.d.r.c.RepositoryConfigurationDelegate : Finished Spring Data repository scanning in 41 ms. Found 1 JPA repository interfaces.
2023-09-26 22:40:14.875  INFO 21584 --- [  restartedMain] o.s.b.w.embedded.tomcat.TomcatWebServer  : Tomcat initialized with port(s): 8081 (http)
2023-09-26 22:40:14.883  INFO 21584 --- [  restartedMain] o.apache.catalina.core.StandardService   : Starting service [Tomcat]
2023-09-26 22:40:14.883  INFO 21584 --- [  restartedMain] o.apache.catalina.core.StandardEngine    : Starting Servlet engine: [Apache Tomcat/10.1.13]
2023-09-26 22:40:14.943  INFO 21584 --- [  restartedMain] o.a.c.c.C.[Tomcat].[localhost].[/]       : Initializing Spring embedded WebApplicationContext
2023-09-26 22:40:14.944  INFO 21584 --- [  restartedMain] w.s.c.ServletWebServerApplicationContext : Root WebApplicationContext: initialization completed in 1090 ms
2023-09-26 22:40:14.965  INFO 21584 --- [  restartedMain] com.zaxxer.hikari.HikariDataSource       : HikariPool-1 - Starting...
2023-09-26 22:40:15.109  INFO 21584 --- [  restartedMain] com.zaxxer.hikari.pool.HikariPool        : HikariPool-1 - Added connection conn0: url=jdbc:h2:mem:2fd2126b-1f6a-4d89-a395-65f3cb43def3 user=SA
2023-09-26 22:40:15.110  INFO 21584 --- [  restartedMain] com.zaxxer.hikari.HikariDataSource       : HikariPool-1 - Start completed.
2023-09-26 22:40:15.118  INFO 21584 --- [  restartedMain] o.s.b.a.h2.H2ConsoleAutoConfiguration    : H2 console available at '/h2-console'. Database available at 'jdbc:h2:mem:2fd2126b-1f6a-4d89-a395-65f3cb43def3'
2023-09-26 22:40:15.212  INFO 21584 --- [  restartedMain] o.hibernate.jpa.internal.util.LogHelper  : HHH000204: Processing PersistenceUnitInfo [name: default]
2023-09-26 22:40:15.246  INFO 21584 --- [  restartedMain] org.hibernate.Version                    : HHH000412: Hibernate ORM core version 6.1.7.Final
2023-09-26 22:40:15.461  INFO 21584 --- [  restartedMain] SQL dialect                              : HHH000400: Using dialect: org.hibernate.dialect.H2Dialect
2023-09-26 22:40:15.959  INFO 21584 --- [  restartedMain] o.h.t.schema.internal.SchemaCreatorImpl  : HHH000476: Executing import script 'file:/C:/Users/111147781/Documents/Work/GiveBack/DemoWorkspace/products/target/classes/import.sql'
2023-09-26 22:40:15.963  INFO 21584 --- [  restartedMain] o.h.e.t.j.p.i.JtaPlatformInitiator       : HHH000490: Using JtaPlatform implementation: [org.hibernate.engine.transaction.jta.platform.internal.NoJtaPlatform]
2023-09-26 22:40:15.970  INFO 21584 --- [  restartedMain] j.LocalContainerEntityManagerFactoryBean : Initialized JPA EntityManagerFactory for persistence unit 'default'
2023-09-26 22:40:16.200  WARN 21584 --- [  restartedMain] JpaBaseConfiguration$JpaWebConfiguration : spring.jpa.open-in-view is enabled by default. Therefore, database queries may be performed during view rendering. Explicitly configure spring.jpa.open-in-view to disable this warning
2023-09-26 22:40:16.432  WARN 21584 --- [  restartedMain] o.s.b.d.a.OptionalLiveReloadServer       : Unable to start LiveReload server
2023-09-26 22:40:16.458  INFO 21584 --- [  restartedMain] o.s.b.w.embedded.tomcat.TomcatWebServer  : Tomcat started on port(s): 8081 (http) with context path ''
2023-09-26 22:40:16.471  INFO 21584 --- [  restartedMain] com.ibm.products.ProductsApplication     : Started ProductsApplication in 3.235 seconds (process running for 3.688)
2023-09-26 22:40:47.404  INFO 21584 --- [nio-8081-exec-2] o.a.c.c.C.[Tomcat].[localhost].[/]       : Initializing Spring DispatcherServlet 'dispatcherServlet'
2023-09-26 22:40:47.404  INFO 21584 --- [nio-8081-exec-2] o.s.web.servlet.DispatcherServlet        : Initializing Servlet 'dispatcherServlet'
2023-09-26 22:40:47.405  INFO 21584 --- [nio-8081-exec-2] o.s.web.servlet.DispatcherServlet        : Completed initialization in 1 ms
2023-09-26 22:41:26.520  INFO 25496 --- [  restartedMain] com.ibm.products.ProductsApplication     : Starting ProductsApplication using Java 17.0.8 with PID 25496 (C:\Users\111147781\Documents\Work\GiveBack\DemoWorkspace\products\target\classes started by 111147781 in C:\Users\111147781\Documents\Work\GiveBack\DemoWorkspace\products)
2023-09-26 22:41:26.523  INFO 25496 --- [  restartedMain] com.ibm.products.ProductsApplication     : The following 1 profile is active: "production"
2023-09-26 22:41:26.591  INFO 25496 --- [  restartedMain] .e.DevToolsPropertyDefaultsPostProcessor : Devtools property defaults active! Set 'spring.devtools.add-properties' to 'false' to disable
2023-09-26 22:41:26.591  INFO 25496 --- [  restartedMain] .e.DevToolsPropertyDefaultsPostProcessor : For additional web related logging consider setting the 'logging.level.web' property to 'DEBUG'
2023-09-26 22:41:27.091  INFO 25496 --- [  restartedMain] .s.d.r.c.RepositoryConfigurationDelegate : Bootstrapping Spring Data JPA repositories in DEFAULT mode.
2023-09-26 22:41:27.138  INFO 25496 --- [  restartedMain] .s.d.r.c.RepositoryConfigurationDelegate : Finished Spring Data repository scanning in 40 ms. Found 1 JPA repository interfaces.
2023-09-26 22:41:27.614  INFO 25496 --- [  restartedMain] o.s.b.w.embedded.tomcat.TomcatWebServer  : Tomcat initialized with port(s): 8081 (http)
2023-09-26 22:41:27.621  INFO 25496 --- [  restartedMain] o.apache.catalina.core.StandardService   : Starting service [Tomcat]
2023-09-26 22:41:27.622  INFO 25496 --- [  restartedMain] o.apache.catalina.core.StandardEngine    : Starting Servlet engine: [Apache Tomcat/10.1.13]
2023-09-26 22:41:27.674  INFO 25496 --- [  restartedMain] o.a.c.c.C.[Tomcat].[localhost].[/]       : Initializing Spring embedded WebApplicationContext
2023-09-26 22:41:27.675  INFO 25496 --- [  restartedMain] w.s.c.ServletWebServerApplicationContext : Root WebApplicationContext: initialization completed in 1082 ms
2023-09-26 22:41:27.697  INFO 25496 --- [  restartedMain] com.zaxxer.hikari.HikariDataSource       : HikariPool-1 - Starting...
2023-09-26 22:41:27.846  INFO 25496 --- [  restartedMain] com.zaxxer.hikari.pool.HikariPool        : HikariPool-1 - Added connection conn0: url=jdbc:h2:mem:a2187eea-b7a5-47c6-9cf9-7683e9a72916 user=SA
2023-09-26 22:41:27.847  INFO 25496 --- [  restartedMain] com.zaxxer.hikari.HikariDataSource       : HikariPool-1 - Start completed.
2023-09-26 22:41:27.854  INFO 25496 --- [  restartedMain] o.s.b.a.h2.H2ConsoleAutoConfiguration    : H2 console available at '/h2-console'. Database available at 'jdbc:h2:mem:a2187eea-b7a5-47c6-9cf9-7683e9a72916'
2023-09-26 22:41:27.973  INFO 25496 --- [  restartedMain] o.hibernate.jpa.internal.util.LogHelper  : HHH000204: Processing PersistenceUnitInfo [name: default]
2023-09-26 22:41:28.009  INFO 25496 --- [  restartedMain] org.hibernate.Version                    : HHH000412: Hibernate ORM core version 6.1.7.Final
2023-09-26 22:41:28.235  INFO 25496 --- [  restartedMain] SQL dialect                              : HHH000400: Using dialect: org.hibernate.dialect.H2Dialect
2023-09-26 22:41:28.736  INFO 25496 --- [  restartedMain] o.h.t.schema.internal.SchemaCreatorImpl  : HHH000476: Executing import script 'file:/C:/Users/111147781/Documents/Work/GiveBack/DemoWorkspace/products/target/classes/import.sql'
2023-09-26 22:41:28.741  INFO 25496 --- [  restartedMain] o.h.e.t.j.p.i.JtaPlatformInitiator       : HHH000490: Using JtaPlatform implementation: [org.hibernate.engine.transaction.jta.platform.internal.NoJtaPlatform]
2023-09-26 22:41:28.748  INFO 25496 --- [  restartedMain] j.LocalContainerEntityManagerFactoryBean : Initialized JPA EntityManagerFactory for persistence unit 'default'
2023-09-26 22:41:28.967  WARN 25496 --- [  restartedMain] JpaBaseConfiguration$JpaWebConfiguration : spring.jpa.open-in-view is enabled by default. Therefore, database queries may be performed during view rendering. Explicitly configure spring.jpa.open-in-view to disable this warning
2023-09-26 22:41:29.192  WARN 25496 --- [  restartedMain] o.s.b.d.a.OptionalLiveReloadServer       : Unable to start LiveReload server
2023-09-26 22:41:29.215  INFO 25496 --- [  restartedMain] o.s.b.w.embedded.tomcat.TomcatWebServer  : Tomcat started on port(s): 8081 (http) with context path ''
2023-09-26 22:41:29.227  INFO 25496 --- [  restartedMain] com.ibm.products.ProductsApplication     : Started ProductsApplication in 3.267 seconds (process running for 3.709)
2023-09-26 22:42:14.860  INFO 25496 --- [nio-8081-exec-1] o.a.c.c.C.[Tomcat].[localhost].[/]       : Initializing Spring DispatcherServlet 'dispatcherServlet'
2023-09-26 22:42:14.861  INFO 25496 --- [nio-8081-exec-1] o.s.web.servlet.DispatcherServlet        : Initializing Servlet 'dispatcherServlet'
2023-09-26 22:42:14.862  INFO 25496 --- [nio-8081-exec-1] o.s.web.servlet.DispatcherServlet        : Completed initialization in 1 ms
